<?xml version="1.0" encoding="UTF-8"?>
<testng-results skipped="0" failed="0" ignored="0" total="0" passed="0">
  <reporter-output>
  </reporter-output>
  <suite name="com.qa.agile.engine.Solution" duration-ms="6" started-at="2021-04-16T19:44:57 ART" finished-at="2021-04-16T19:44:57 ART">
    <groups>
    </groups>
    <test name="Command line test" duration-ms="6" started-at="2021-04-16T19:44:57 ART" finished-at="2021-04-16T19:44:57 ART">
    </test> <!-- Command line test -->
  </suite> <!-- com.qa.agile.engine.Solution -->
</testng-results>
